2018-01-15 14:59:54[Thread-0][io.netty.util.internal.logging.InternalLoggerFactory:(71)]-[DEBUG] Using SLF4J as the default logging framework
2018-01-15 14:59:54[Thread-0][io.netty.channel.MultithreadEventLoopGroup:(76)]-[DEBUG] -Dio.netty.eventLoopThreads: 16
2018-01-15 14:59:54[Thread-0][io.netty.util.internal.PlatformDependent:(71)]-[DEBUG] Platform: Windows
2018-01-15 14:59:54[Thread-0][io.netty.util.internal.PlatformDependent0:(76)]-[DEBUG] -Dio.netty.noUnsafe: false
2018-01-15 14:59:54[Thread-0][io.netty.util.internal.PlatformDependent0:(76)]-[DEBUG] Java version: 8
2018-01-15 14:59:54[Thread-0][io.netty.util.internal.PlatformDependent0:(71)]-[DEBUG] sun.misc.Unsafe.theUnsafe: available
2018-01-15 14:59:54[Thread-0][io.netty.util.internal.PlatformDependent0:(71)]-[DEBUG] sun.misc.Unsafe.copyMemory: available
2018-01-15 14:59:54[Thread-0][io.netty.util.internal.PlatformDependent0:(71)]-[DEBUG] java.nio.Buffer.address: available
2018-01-15 14:59:54[Thread-0][io.netty.util.internal.PlatformDependent0:(71)]-[DEBUG] direct buffer constructor: available
2018-01-15 14:59:54[Thread-0][io.netty.util.internal.PlatformDependent0:(76)]-[DEBUG] java.nio.Bits.unaligned: available, true
2018-01-15 14:59:54[Thread-0][io.netty.util.internal.PlatformDependent0:(71)]-[DEBUG] jdk.internal.misc.Unsafe.allocateUninitializedArray(int): unavailable prior to Java9
2018-01-15 14:59:54[Thread-0][io.netty.util.internal.PlatformDependent0:(76)]-[DEBUG] java.nio.DirectByteBuffer.<init>(long, int): available
2018-01-15 14:59:54[Thread-0][io.netty.util.internal.PlatformDependent:(76)]-[DEBUG] sun.misc.Unsafe: available
2018-01-15 14:59:54[Thread-0][io.netty.util.internal.PlatformDependent:(76)]-[DEBUG] -Dio.netty.tmpdir: C:\Users\ADMINI~1\AppData\Local\Temp (java.io.tmpdir)
2018-01-15 14:59:54[Thread-0][io.netty.util.internal.PlatformDependent:(76)]-[DEBUG] -Dio.netty.bitMode: 64 (sun.arch.data.model)
2018-01-15 14:59:54[Thread-0][io.netty.util.internal.PlatformDependent:(76)]-[DEBUG] -Dio.netty.noPreferDirect: false
2018-01-15 14:59:54[Thread-0][io.netty.util.internal.PlatformDependent:(76)]-[DEBUG] -Dio.netty.maxDirectMemory: 1890582528 bytes
2018-01-15 14:59:54[Thread-0][io.netty.util.internal.PlatformDependent:(76)]-[DEBUG] -Dio.netty.uninitializedArrayAllocationThreshold: -1
2018-01-15 14:59:54[Thread-0][io.netty.util.internal.CleanerJava6:(71)]-[DEBUG] java.nio.ByteBuffer.cleaner(): available
2018-01-15 14:59:54[Thread-1][io.netty.channel.nio.NioEventLoop:(76)]-[DEBUG] -Dio.netty.noKeySetOptimization: false
2018-01-15 14:59:54[Thread-1][io.netty.channel.nio.NioEventLoop:(76)]-[DEBUG] -Dio.netty.selectorAutoRebuildThreshold: 512
2018-01-15 14:59:54[Thread-1][io.netty.util.internal.PlatformDependent:(71)]-[DEBUG] org.jctools-core.MpscChunkedArrayQueue: available
2018-01-15 14:59:55[Thread-0][io.netty.util.ResourceLeakDetector:(81)]-[DEBUG] -Dio.netty.leakDetection.level: simple
2018-01-15 14:59:55[Thread-0][io.netty.util.ResourceLeakDetector:(81)]-[DEBUG] -Dio.netty.leakDetection.targetRecords: 4
2018-01-15 14:59:55[Thread-0][io.netty.buffer.PooledByteBufAllocator:(76)]-[DEBUG] -Dio.netty.allocator.numHeapArenas: 16
2018-01-15 14:59:55[Thread-0][io.netty.buffer.PooledByteBufAllocator:(76)]-[DEBUG] -Dio.netty.allocator.numDirectArenas: 16
2018-01-15 14:59:55[Thread-0][io.netty.buffer.PooledByteBufAllocator:(76)]-[DEBUG] -Dio.netty.allocator.pageSize: 8192
2018-01-15 14:59:55[Thread-0][io.netty.buffer.PooledByteBufAllocator:(76)]-[DEBUG] -Dio.netty.allocator.maxOrder: 11
2018-01-15 14:59:55[Thread-0][io.netty.buffer.PooledByteBufAllocator:(76)]-[DEBUG] -Dio.netty.allocator.chunkSize: 16777216
2018-01-15 14:59:55[Thread-0][io.netty.buffer.PooledByteBufAllocator:(76)]-[DEBUG] -Dio.netty.allocator.tinyCacheSize: 512
2018-01-15 14:59:55[Thread-0][io.netty.buffer.PooledByteBufAllocator:(76)]-[DEBUG] -Dio.netty.allocator.smallCacheSize: 256
2018-01-15 14:59:55[Thread-0][io.netty.buffer.PooledByteBufAllocator:(76)]-[DEBUG] -Dio.netty.allocator.normalCacheSize: 64
2018-01-15 14:59:55[Thread-0][io.netty.buffer.PooledByteBufAllocator:(76)]-[DEBUG] -Dio.netty.allocator.maxCachedBufferCapacity: 32768
2018-01-15 14:59:55[Thread-0][io.netty.buffer.PooledByteBufAllocator:(76)]-[DEBUG] -Dio.netty.allocator.cacheTrimInterval: 8192
2018-01-15 14:59:55[Thread-0][io.netty.buffer.PooledByteBufAllocator:(76)]-[DEBUG] -Dio.netty.allocator.useCacheForAllThreads: true
2018-01-15 14:59:55[Thread-2][io.netty.channel.DefaultChannelId:(76)]-[DEBUG] -Dio.netty.processId: 10120 (auto-detected)
2018-01-15 14:59:55[Thread-0][io.netty.util.internal.InternalThreadLocalMap:(76)]-[DEBUG] -Dio.netty.threadLocalMap.stringBuilder.initialSize: 1024
2018-01-15 14:59:55[Thread-0][io.netty.util.internal.InternalThreadLocalMap:(76)]-[DEBUG] -Dio.netty.threadLocalMap.stringBuilder.maxSize: 4096
2018-01-15 14:59:55[Thread-2][io.netty.util.NetUtil:(76)]-[DEBUG] -Djava.net.preferIPv4Stack: false
2018-01-15 14:59:55[Thread-2][io.netty.util.NetUtil:(76)]-[DEBUG] -Djava.net.preferIPv6Addresses: false
2018-01-15 14:59:55[Thread-2][io.netty.util.NetUtil:(86)]-[DEBUG] Loopback interface: lo (Software Loopback Interface 1, 127.0.0.1)
2018-01-15 14:59:55[Thread-2][io.netty.util.NetUtil:(81)]-[DEBUG] Failed to get SOMAXCONN from sysctl and file \proc\sys\net\core\somaxconn. Default: 200
2018-01-15 14:59:55[Thread-2][io.netty.channel.DefaultChannelId:(76)]-[DEBUG] -Dio.netty.machineId: 00:00:00:00:00:00:00:e0 (auto-detected)
2018-01-15 14:59:55[Thread-2][io.netty.buffer.ByteBufUtil:(76)]-[DEBUG] -Dio.netty.allocator.type: pooled
2018-01-15 14:59:55[Thread-2][io.netty.buffer.ByteBufUtil:(76)]-[DEBUG] -Dio.netty.threadLocalDirectBufferSize: 65536
2018-01-15 14:59:55[Thread-2][io.netty.buffer.ByteBufUtil:(76)]-[DEBUG] -Dio.netty.maxThreadLocalCharBufferSize: 16384
2018-01-15 15:00:10[nioEventLoopGroup-7-1][io.netty.buffer.AbstractByteBuf:(81)]-[DEBUG] -Dio.netty.buffer.bytebuf.checkAccessible: true
2018-01-15 15:00:10[nioEventLoopGroup-7-1][io.netty.util.ResourceLeakDetectorFactory:(76)]-[DEBUG] Loaded default ResourceLeakDetector: io.netty.util.ResourceLeakDetector@4e0c2e5f
2018-01-15 15:00:10[nioEventLoopGroup-7-1][io.netty.handler.codec.compression.ZlibCodecFactory:(76)]-[DEBUG] -Dio.netty.noJdkZlibDecoder: false
2018-01-15 15:00:10[nioEventLoopGroup-7-1][io.netty.handler.codec.compression.ZlibCodecFactory:(76)]-[DEBUG] -Dio.netty.noJdkZlibEncoder: false
2018-01-15 15:00:10[nioEventLoopGroup-7-1][io.netty.util.Recycler:(76)]-[DEBUG] -Dio.netty.recycler.maxCapacityPerThread: 32768
2018-01-15 15:00:10[nioEventLoopGroup-7-1][io.netty.util.Recycler:(76)]-[DEBUG] -Dio.netty.recycler.maxSharedCapacityFactor: 2
2018-01-15 15:00:10[nioEventLoopGroup-7-1][io.netty.util.Recycler:(76)]-[DEBUG] -Dio.netty.recycler.linkCapacity: 16
2018-01-15 15:00:10[nioEventLoopGroup-7-1][io.netty.util.Recycler:(76)]-[DEBUG] -Dio.netty.recycler.ratio: 8
2018-01-15 15:00:10[nioEventLoopGroup-7-3][io.netty.handler.codec.http.websocketx.WebSocketServerHandshaker:(81)]-[DEBUG] [id: 0x7744448b, L:/127.0.0.1:9000 - R:/127.0.0.1:5243] WebSocket version V13 server handshake
2018-01-15 15:00:10[nioEventLoopGroup-7-3][io.netty.handler.codec.http.websocketx.WebSocketServerHandshaker:(81)]-[DEBUG] WebSocket version 13 server handshake key: w8HT7ARwMLi73J01e3a7xw==, response: NhjWP2yJfiJRItG0J6qfE32lIvw=
2018-01-15 15:00:34[nioEventLoopGroup-7-3][io.netty.handler.codec.http.websocketx.WebSocket08FrameDecoder:(76)]-[DEBUG] Decoding WebSocket Frame opCode=2
2018-01-15 15:00:34[nioEventLoopGroup-7-3][io.netty.handler.codec.http.websocketx.WebSocket08FrameDecoder:(76)]-[DEBUG] Decoding WebSocket Frame length=6
2018-01-15 15:00:34[nioEventLoopGroup-7-3][io.netty.handler.codec.http.websocketx.WebSocket08FrameEncoder:(71)]-[DEBUG] Encoding WebSocket Frame opCode=2 length=6
2018-01-15 15:00:34[nioEventLoopGroup-7-3][io.netty.handler.codec.http.websocketx.WebSocket08FrameDecoder:(76)]-[DEBUG] Decoding WebSocket Frame opCode=2
2018-01-15 15:00:34[nioEventLoopGroup-7-3][io.netty.handler.codec.http.websocketx.WebSocket08FrameDecoder:(76)]-[DEBUG] Decoding WebSocket Frame length=5
2018-01-15 15:00:34[nioEventLoopGroup-7-3][io.netty.handler.codec.http.websocketx.WebSocket08FrameEncoder:(71)]-[DEBUG] Encoding WebSocket Frame opCode=2 length=5
2018-01-15 15:00:35[nioEventLoopGroup-7-3][io.netty.handler.codec.http.websocketx.WebSocket08FrameDecoder:(76)]-[DEBUG] Decoding WebSocket Frame opCode=2
2018-01-15 15:00:35[nioEventLoopGroup-7-3][io.netty.handler.codec.http.websocketx.WebSocket08FrameDecoder:(76)]-[DEBUG] Decoding WebSocket Frame length=4
2018-01-15 15:00:35[nioEventLoopGroup-7-3][io.netty.handler.codec.http.websocketx.WebSocket08FrameEncoder:(71)]-[DEBUG] Encoding WebSocket Frame opCode=2 length=4
2018-01-15 15:00:35[nioEventLoopGroup-7-3][io.netty.handler.codec.http.websocketx.WebSocket08FrameDecoder:(76)]-[DEBUG] Decoding WebSocket Frame opCode=2
2018-01-15 15:00:35[nioEventLoopGroup-7-3][io.netty.handler.codec.http.websocketx.WebSocket08FrameDecoder:(76)]-[DEBUG] Decoding WebSocket Frame length=4
2018-01-15 15:00:35[nioEventLoopGroup-7-3][io.netty.handler.codec.http.websocketx.WebSocket08FrameEncoder:(71)]-[DEBUG] Encoding WebSocket Frame opCode=2 length=4
2018-01-15 15:00:35[nioEventLoopGroup-7-3][io.netty.handler.codec.http.websocketx.WebSocket08FrameDecoder:(76)]-[DEBUG] Decoding WebSocket Frame opCode=2
2018-01-15 15:00:35[nioEventLoopGroup-7-3][io.netty.handler.codec.http.websocketx.WebSocket08FrameDecoder:(76)]-[DEBUG] Decoding WebSocket Frame length=4
2018-01-15 15:00:35[nioEventLoopGroup-7-3][io.netty.handler.codec.http.websocketx.WebSocket08FrameEncoder:(71)]-[DEBUG] Encoding WebSocket Frame opCode=2 length=4
2018-01-15 15:00:36[nioEventLoopGroup-7-3][io.netty.handler.codec.http.websocketx.WebSocket08FrameDecoder:(76)]-[DEBUG] Decoding WebSocket Frame opCode=2
2018-01-15 15:00:36[nioEventLoopGroup-7-3][io.netty.handler.codec.http.websocketx.WebSocket08FrameDecoder:(76)]-[DEBUG] Decoding WebSocket Frame length=4
2018-01-15 15:00:36[nioEventLoopGroup-7-3][io.netty.handler.codec.http.websocketx.WebSocket08FrameEncoder:(71)]-[DEBUG] Encoding WebSocket Frame opCode=2 length=4
2018-01-15 15:00:36[nioEventLoopGroup-7-3][io.netty.handler.codec.http.websocketx.WebSocket08FrameDecoder:(76)]-[DEBUG] Decoding WebSocket Frame opCode=2
2018-01-15 15:00:36[nioEventLoopGroup-7-3][io.netty.handler.codec.http.websocketx.WebSocket08FrameDecoder:(76)]-[DEBUG] Decoding WebSocket Frame length=4
2018-01-15 15:00:36[nioEventLoopGroup-7-3][io.netty.handler.codec.http.websocketx.WebSocket08FrameEncoder:(71)]-[DEBUG] Encoding WebSocket Frame opCode=2 length=4
2018-01-15 15:00:36[nioEventLoopGroup-7-3][io.netty.handler.codec.http.websocketx.WebSocket08FrameDecoder:(76)]-[DEBUG] Decoding WebSocket Frame opCode=2
2018-01-15 15:00:36[nioEventLoopGroup-7-3][io.netty.handler.codec.http.websocketx.WebSocket08FrameDecoder:(76)]-[DEBUG] Decoding WebSocket Frame length=4
2018-01-15 15:00:36[nioEventLoopGroup-7-3][io.netty.handler.codec.http.websocketx.WebSocket08FrameEncoder:(71)]-[DEBUG] Encoding WebSocket Frame opCode=2 length=4
2018-01-15 15:00:36[nioEventLoopGroup-7-3][io.netty.handler.codec.http.websocketx.WebSocket08FrameDecoder:(76)]-[DEBUG] Decoding WebSocket Frame opCode=2
2018-01-15 15:00:36[nioEventLoopGroup-7-3][io.netty.handler.codec.http.websocketx.WebSocket08FrameDecoder:(76)]-[DEBUG] Decoding WebSocket Frame length=4
2018-01-15 15:00:36[nioEventLoopGroup-7-3][io.netty.handler.codec.http.websocketx.WebSocket08FrameEncoder:(71)]-[DEBUG] Encoding WebSocket Frame opCode=2 length=4
2018-01-15 15:08:03[Thread-1][io.netty.util.internal.logging.InternalLoggerFactory:(71)]-[DEBUG] Using SLF4J as the default logging framework
2018-01-15 15:08:03[Thread-1][io.netty.channel.MultithreadEventLoopGroup:(76)]-[DEBUG] -Dio.netty.eventLoopThreads: 16
2018-01-15 15:08:03[Thread-1][io.netty.util.internal.PlatformDependent:(71)]-[DEBUG] Platform: Windows
2018-01-15 15:08:03[Thread-1][io.netty.util.internal.PlatformDependent0:(76)]-[DEBUG] -Dio.netty.noUnsafe: false
2018-01-15 15:08:03[Thread-1][io.netty.util.internal.PlatformDependent0:(76)]-[DEBUG] Java version: 8
2018-01-15 15:08:03[Thread-1][io.netty.util.internal.PlatformDependent0:(71)]-[DEBUG] sun.misc.Unsafe.theUnsafe: available
2018-01-15 15:08:03[Thread-1][io.netty.util.internal.PlatformDependent0:(71)]-[DEBUG] sun.misc.Unsafe.copyMemory: available
2018-01-15 15:08:03[Thread-1][io.netty.util.internal.PlatformDependent0:(71)]-[DEBUG] java.nio.Buffer.address: available
2018-01-15 15:08:03[Thread-1][io.netty.util.internal.PlatformDependent0:(71)]-[DEBUG] direct buffer constructor: available
2018-01-15 15:08:03[Thread-1][io.netty.util.internal.PlatformDependent0:(76)]-[DEBUG] java.nio.Bits.unaligned: available, true
2018-01-15 15:08:03[Thread-1][io.netty.util.internal.PlatformDependent0:(71)]-[DEBUG] jdk.internal.misc.Unsafe.allocateUninitializedArray(int): unavailable prior to Java9
2018-01-15 15:08:03[Thread-1][io.netty.util.internal.PlatformDependent0:(76)]-[DEBUG] java.nio.DirectByteBuffer.<init>(long, int): available
2018-01-15 15:08:03[Thread-1][io.netty.util.internal.PlatformDependent:(76)]-[DEBUG] sun.misc.Unsafe: available
2018-01-15 15:08:03[Thread-1][io.netty.util.internal.PlatformDependent:(76)]-[DEBUG] -Dio.netty.tmpdir: C:\Users\ADMINI~1\AppData\Local\Temp (java.io.tmpdir)
2018-01-15 15:08:03[Thread-1][io.netty.util.internal.PlatformDependent:(76)]-[DEBUG] -Dio.netty.bitMode: 64 (sun.arch.data.model)
2018-01-15 15:08:03[Thread-1][io.netty.util.internal.PlatformDependent:(76)]-[DEBUG] -Dio.netty.noPreferDirect: false
2018-01-15 15:08:03[Thread-1][io.netty.util.internal.PlatformDependent:(76)]-[DEBUG] -Dio.netty.maxDirectMemory: 1890582528 bytes
2018-01-15 15:08:03[Thread-1][io.netty.util.internal.PlatformDependent:(76)]-[DEBUG] -Dio.netty.uninitializedArrayAllocationThreshold: -1
2018-01-15 15:08:03[Thread-1][io.netty.util.internal.CleanerJava6:(71)]-[DEBUG] java.nio.ByteBuffer.cleaner(): available
2018-01-15 15:08:03[Thread-0][io.netty.channel.nio.NioEventLoop:(76)]-[DEBUG] -Dio.netty.noKeySetOptimization: false
2018-01-15 15:08:03[Thread-0][io.netty.channel.nio.NioEventLoop:(76)]-[DEBUG] -Dio.netty.selectorAutoRebuildThreshold: 512
2018-01-15 15:08:03[Thread-0][io.netty.util.internal.PlatformDependent:(71)]-[DEBUG] org.jctools-core.MpscChunkedArrayQueue: available
2018-01-15 15:08:03[Thread-0][io.netty.util.ResourceLeakDetector:(81)]-[DEBUG] -Dio.netty.leakDetection.level: simple
2018-01-15 15:08:03[Thread-0][io.netty.util.ResourceLeakDetector:(81)]-[DEBUG] -Dio.netty.leakDetection.targetRecords: 4
2018-01-15 15:08:03[Thread-0][io.netty.buffer.PooledByteBufAllocator:(76)]-[DEBUG] -Dio.netty.allocator.numHeapArenas: 16
2018-01-15 15:08:03[Thread-0][io.netty.buffer.PooledByteBufAllocator:(76)]-[DEBUG] -Dio.netty.allocator.numDirectArenas: 16
2018-01-15 15:08:03[Thread-0][io.netty.buffer.PooledByteBufAllocator:(76)]-[DEBUG] -Dio.netty.allocator.pageSize: 8192
2018-01-15 15:08:03[Thread-0][io.netty.buffer.PooledByteBufAllocator:(76)]-[DEBUG] -Dio.netty.allocator.maxOrder: 11
2018-01-15 15:08:03[Thread-0][io.netty.buffer.PooledByteBufAllocator:(76)]-[DEBUG] -Dio.netty.allocator.chunkSize: 16777216
2018-01-15 15:08:03[Thread-0][io.netty.buffer.PooledByteBufAllocator:(76)]-[DEBUG] -Dio.netty.allocator.tinyCacheSize: 512
2018-01-15 15:08:03[Thread-0][io.netty.buffer.PooledByteBufAllocator:(76)]-[DEBUG] -Dio.netty.allocator.smallCacheSize: 256
2018-01-15 15:08:03[Thread-0][io.netty.buffer.PooledByteBufAllocator:(76)]-[DEBUG] -Dio.netty.allocator.normalCacheSize: 64
2018-01-15 15:08:03[Thread-0][io.netty.buffer.PooledByteBufAllocator:(76)]-[DEBUG] -Dio.netty.allocator.maxCachedBufferCapacity: 32768
2018-01-15 15:08:03[Thread-0][io.netty.buffer.PooledByteBufAllocator:(76)]-[DEBUG] -Dio.netty.allocator.cacheTrimInterval: 8192
2018-01-15 15:08:03[Thread-0][io.netty.buffer.PooledByteBufAllocator:(76)]-[DEBUG] -Dio.netty.allocator.useCacheForAllThreads: true
2018-01-15 15:08:03[Thread-1][io.netty.channel.DefaultChannelId:(76)]-[DEBUG] -Dio.netty.processId: 9720 (auto-detected)
2018-01-15 15:08:03[Thread-0][io.netty.util.internal.InternalThreadLocalMap:(76)]-[DEBUG] -Dio.netty.threadLocalMap.stringBuilder.initialSize: 1024
2018-01-15 15:08:03[Thread-0][io.netty.util.internal.InternalThreadLocalMap:(76)]-[DEBUG] -Dio.netty.threadLocalMap.stringBuilder.maxSize: 4096
2018-01-15 15:08:03[Thread-1][io.netty.util.NetUtil:(76)]-[DEBUG] -Djava.net.preferIPv4Stack: false
2018-01-15 15:08:03[Thread-1][io.netty.util.NetUtil:(76)]-[DEBUG] -Djava.net.preferIPv6Addresses: false
2018-01-15 15:08:03[Thread-1][io.netty.util.NetUtil:(86)]-[DEBUG] Loopback interface: lo (Software Loopback Interface 1, 127.0.0.1)
2018-01-15 15:08:03[Thread-1][io.netty.util.NetUtil:(81)]-[DEBUG] Failed to get SOMAXCONN from sysctl and file \proc\sys\net\core\somaxconn. Default: 200
2018-01-15 15:08:03[Thread-1][io.netty.channel.DefaultChannelId:(76)]-[DEBUG] -Dio.netty.machineId: 00:00:00:00:00:00:00:e0 (auto-detected)
2018-01-15 15:08:03[Thread-0][io.netty.buffer.ByteBufUtil:(76)]-[DEBUG] -Dio.netty.allocator.type: pooled
2018-01-15 15:08:03[Thread-0][io.netty.buffer.ByteBufUtil:(76)]-[DEBUG] -Dio.netty.threadLocalDirectBufferSize: 65536
2018-01-15 15:08:03[Thread-0][io.netty.buffer.ByteBufUtil:(76)]-[DEBUG] -Dio.netty.maxThreadLocalCharBufferSize: 16384
2018-01-15 15:08:15[nioEventLoopGroup-6-3][io.netty.buffer.AbstractByteBuf:(81)]-[DEBUG] -Dio.netty.buffer.bytebuf.checkAccessible: true
2018-01-15 15:08:15[nioEventLoopGroup-6-3][io.netty.util.ResourceLeakDetectorFactory:(76)]-[DEBUG] Loaded default ResourceLeakDetector: io.netty.util.ResourceLeakDetector@50dd470
2018-01-15 15:08:15[nioEventLoopGroup-6-4][io.netty.handler.codec.compression.ZlibCodecFactory:(76)]-[DEBUG] -Dio.netty.noJdkZlibDecoder: false
2018-01-15 15:08:15[nioEventLoopGroup-6-4][io.netty.handler.codec.compression.ZlibCodecFactory:(76)]-[DEBUG] -Dio.netty.noJdkZlibEncoder: false
2018-01-15 15:08:15[nioEventLoopGroup-6-1][io.netty.util.Recycler:(76)]-[DEBUG] -Dio.netty.recycler.maxCapacityPerThread: 32768
2018-01-15 15:08:15[nioEventLoopGroup-6-1][io.netty.util.Recycler:(76)]-[DEBUG] -Dio.netty.recycler.maxSharedCapacityFactor: 2
2018-01-15 15:08:15[nioEventLoopGroup-6-1][io.netty.util.Recycler:(76)]-[DEBUG] -Dio.netty.recycler.linkCapacity: 16
2018-01-15 15:08:15[nioEventLoopGroup-6-1][io.netty.util.Recycler:(76)]-[DEBUG] -Dio.netty.recycler.ratio: 8
2018-01-15 15:08:15[nioEventLoopGroup-6-5][io.netty.handler.codec.http.websocketx.WebSocketServerHandshaker:(81)]-[DEBUG] [id: 0x1440b659, L:/127.0.0.1:9000 - R:/127.0.0.1:56148] WebSocket version V13 server handshake
2018-01-15 15:08:15[nioEventLoopGroup-6-5][io.netty.handler.codec.http.websocketx.WebSocketServerHandshaker:(81)]-[DEBUG] WebSocket version 13 server handshake key: oIzF+NPSPnvgtM/hMnos0g==, response: DdeL7ZX5TUV6ei5oo5nlwutVa2g=
2018-01-15 15:08:16[nioEventLoopGroup-6-5][io.netty.handler.codec.http.websocketx.WebSocket08FrameDecoder:(76)]-[DEBUG] Decoding WebSocket Frame opCode=2
2018-01-15 15:08:16[nioEventLoopGroup-6-5][io.netty.handler.codec.http.websocketx.WebSocket08FrameDecoder:(76)]-[DEBUG] Decoding WebSocket Frame length=6
2018-01-15 15:08:16[nioEventLoopGroup-6-5][io.netty.handler.codec.http.websocketx.WebSocket08FrameEncoder:(71)]-[DEBUG] Encoding WebSocket Frame opCode=2 length=6
2018-01-15 15:08:17[nioEventLoopGroup-6-5][io.netty.handler.codec.http.websocketx.WebSocket08FrameDecoder:(76)]-[DEBUG] Decoding WebSocket Frame opCode=2
2018-01-15 15:08:17[nioEventLoopGroup-6-5][io.netty.handler.codec.http.websocketx.WebSocket08FrameDecoder:(76)]-[DEBUG] Decoding WebSocket Frame length=5
2018-01-15 15:08:17[nioEventLoopGroup-6-5][io.netty.handler.codec.http.websocketx.WebSocket08FrameEncoder:(71)]-[DEBUG] Encoding WebSocket Frame opCode=2 length=5
2018-01-15 15:08:17[nioEventLoopGroup-6-5][io.netty.handler.codec.http.websocketx.WebSocket08FrameDecoder:(76)]-[DEBUG] Decoding WebSocket Frame opCode=2
2018-01-15 15:08:17[nioEventLoopGroup-6-5][io.netty.handler.codec.http.websocketx.WebSocket08FrameDecoder:(76)]-[DEBUG] Decoding WebSocket Frame length=4
2018-01-15 15:08:17[nioEventLoopGroup-6-5][io.netty.handler.codec.http.websocketx.WebSocket08FrameEncoder:(71)]-[DEBUG] Encoding WebSocket Frame opCode=2 length=4
2018-01-15 15:08:18[nioEventLoopGroup-6-5][io.netty.handler.codec.http.websocketx.WebSocket08FrameDecoder:(76)]-[DEBUG] Decoding WebSocket Frame opCode=8
2018-01-15 15:08:18[nioEventLoopGroup-6-5][io.netty.handler.codec.http.websocketx.WebSocket08FrameDecoder:(76)]-[DEBUG] Decoding WebSocket Frame length=2
2018-01-15 15:08:18[nioEventLoopGroup-6-5][io.netty.handler.codec.http.websocketx.WebSocket08FrameEncoder:(71)]-[DEBUG] Encoding WebSocket Frame opCode=8 length=2
